-------------------------------------------------------------------------------
Test set: com.globallogic.demo.service.ProductServiceImplTest
-------------------------------------------------------------------------------
Tests run: 5, Failures: 0, Errors: 5, Skipped: 0, Time elapsed: 150.226 s <<< FAILURE! - in com.globallogic.demo.service.ProductServiceImplTest
reduceStockTest  Time elapsed: 30.088 s  <<< ERROR!
org.springframework.dao.DataAccessResourceFailureException: Timed out after 30000 ms while waiting for a server that matches com.mongodb.client.internal.MongoClientDelegate$1@c69fab. Client view of cluster state is {type=REPLICA_SET, srvResolutionException=com.mongodb.MongoConfigurationException: Unable to look up SRV record for host clustertalentengine.k0gwx.mongodb.net, servers=[]; nested exception is com.mongodb.MongoTimeoutException: Timed out after 30000 ms while waiting for a server that matches com.mongodb.client.internal.MongoClientDelegate$1@c69fab. Client view of cluster state is {type=REPLICA_SET, srvResolutionException=com.mongodb.MongoConfigurationException: Unable to look up SRV record for host clustertalentengine.k0gwx.mongodb.net, servers=[]
	at com.globallogic.demo.service.ProductServiceImplTest.reduceStockTest(ProductServiceImplTest.java:93)
Caused by: com.mongodb.MongoTimeoutException: Timed out after 30000 ms while waiting for a server that matches com.mongodb.client.internal.MongoClientDelegate$1@c69fab. Client view of cluster state is {type=REPLICA_SET, srvResolutionException=com.mongodb.MongoConfigurationException: Unable to look up SRV record for host clustertalentengine.k0gwx.mongodb.net, servers=[]
	at com.globallogic.demo.service.ProductServiceImplTest.reduceStockTest(ProductServiceImplTest.java:93)

deleteProduct  Time elapsed: 30.033 s  <<< ERROR!
org.springframework.dao.DataAccessResourceFailureException: Timed out after 30000 ms while waiting for a server that matches com.mongodb.client.internal.MongoClientDelegate$1@691eec36. Client view of cluster state is {type=REPLICA_SET, srvResolutionException=com.mongodb.MongoConfigurationException: Unable to look up SRV record for host clustertalentengine.k0gwx.mongodb.net, servers=[]; nested exception is com.mongodb.MongoTimeoutException: Timed out after 30000 ms while waiting for a server that matches com.mongodb.client.internal.MongoClientDelegate$1@691eec36. Client view of cluster state is {type=REPLICA_SET, srvResolutionException=com.mongodb.MongoConfigurationException: Unable to look up SRV record for host clustertalentengine.k0gwx.mongodb.net, servers=[]
	at com.globallogic.demo.service.ProductServiceImplTest.deleteProduct(ProductServiceImplTest.java:53)
Caused by: com.mongodb.MongoTimeoutException: Timed out after 30000 ms while waiting for a server that matches com.mongodb.client.internal.MongoClientDelegate$1@691eec36. Client view of cluster state is {type=REPLICA_SET, srvResolutionException=com.mongodb.MongoConfigurationException: Unable to look up SRV record for host clustertalentengine.k0gwx.mongodb.net, servers=[]
	at com.globallogic.demo.service.ProductServiceImplTest.deleteProduct(ProductServiceImplTest.java:53)

searchProductsTest  Time elapsed: 30.032 s  <<< ERROR!
org.springframework.dao.DataAccessResourceFailureException: Timed out after 30000 ms while waiting for a server that matches com.mongodb.client.internal.MongoClientDelegate$1@7d2459aa. Client view of cluster state is {type=REPLICA_SET, srvResolutionException=com.mongodb.MongoConfigurationException: Unable to look up SRV record for host clustertalentengine.k0gwx.mongodb.net, servers=[]; nested exception is com.mongodb.MongoTimeoutException: Timed out after 30000 ms while waiting for a server that matches com.mongodb.client.internal.MongoClientDelegate$1@7d2459aa. Client view of cluster state is {type=REPLICA_SET, srvResolutionException=com.mongodb.MongoConfigurationException: Unable to look up SRV record for host clustertalentengine.k0gwx.mongodb.net, servers=[]
	at com.globallogic.demo.service.ProductServiceImplTest.searchProductsTest(ProductServiceImplTest.java:75)
Caused by: com.mongodb.MongoTimeoutException: Timed out after 30000 ms while waiting for a server that matches com.mongodb.client.internal.MongoClientDelegate$1@7d2459aa. Client view of cluster state is {type=REPLICA_SET, srvResolutionException=com.mongodb.MongoConfigurationException: Unable to look up SRV record for host clustertalentengine.k0gwx.mongodb.net, servers=[]
	at com.globallogic.demo.service.ProductServiceImplTest.searchProductsTest(ProductServiceImplTest.java:75)

addStockTest  Time elapsed: 30.025 s  <<< ERROR!
org.springframework.dao.DataAccessResourceFailureException: Timed out after 30000 ms while waiting for a server that matches com.mongodb.client.internal.MongoClientDelegate$1@22f791db. Client view of cluster state is {type=REPLICA_SET, srvResolutionException=com.mongodb.MongoConfigurationException: Unable to look up SRV record for host clustertalentengine.k0gwx.mongodb.net, servers=[]; nested exception is com.mongodb.MongoTimeoutException: Timed out after 30000 ms while waiting for a server that matches com.mongodb.client.internal.MongoClientDelegate$1@22f791db. Client view of cluster state is {type=REPLICA_SET, srvResolutionException=com.mongodb.MongoConfigurationException: Unable to look up SRV record for host clustertalentengine.k0gwx.mongodb.net, servers=[]
	at com.globallogic.demo.service.ProductServiceImplTest.addStockTest(ProductServiceImplTest.java:151)
Caused by: com.mongodb.MongoTimeoutException: Timed out after 30000 ms while waiting for a server that matches com.mongodb.client.internal.MongoClientDelegate$1@22f791db. Client view of cluster state is {type=REPLICA_SET, srvResolutionException=com.mongodb.MongoConfigurationException: Unable to look up SRV record for host clustertalentengine.k0gwx.mongodb.net, servers=[]
	at com.globallogic.demo.service.ProductServiceImplTest.addStockTest(ProductServiceImplTest.java:151)

createProduct  Time elapsed: 30.027 s  <<< ERROR!
org.springframework.dao.DataAccessResourceFailureException: Timed out after 30000 ms while waiting for a server that matches com.mongodb.client.internal.MongoClientDelegate$1@29ea298e. Client view of cluster state is {type=REPLICA_SET, srvResolutionException=com.mongodb.MongoConfigurationException: Unable to look up SRV record for host clustertalentengine.k0gwx.mongodb.net, servers=[]; nested exception is com.mongodb.MongoTimeoutException: Timed out after 30000 ms while waiting for a server that matches com.mongodb.client.internal.MongoClientDelegate$1@29ea298e. Client view of cluster state is {type=REPLICA_SET, srvResolutionException=com.mongodb.MongoConfigurationException: Unable to look up SRV record for host clustertalentengine.k0gwx.mongodb.net, servers=[]
	at com.globallogic.demo.service.ProductServiceImplTest.createProduct(ProductServiceImplTest.java:41)
Caused by: com.mongodb.MongoTimeoutException: Timed out after 30000 ms while waiting for a server that matches com.mongodb.client.internal.MongoClientDelegate$1@29ea298e. Client view of cluster state is {type=REPLICA_SET, srvResolutionException=com.mongodb.MongoConfigurationException: Unable to look up SRV record for host clustertalentengine.k0gwx.mongodb.net, servers=[]
	at com.globallogic.demo.service.ProductServiceImplTest.createProduct(ProductServiceImplTest.java:41)

